DEBUG:settings:NOOOOO got image from view None
DEBUG:settings:enter draw grid 
DEBUG:settings:NOOOOO got image from view None
DEBUG:settings:NOOOOO got image from view None
DEBUG:settings:NOOOOO got image from view None
DEBUG:settings:got image from view paths0.png
DEBUG:matplotlib.axes._base:update_title_pos
DEBUG:matplotlib.font_manager:findfont: Matching :family=sans-serif:style=normal:variant=normal:weight=normal:stretch=normal:size=10.0 to DejaVu Sans ('C:\\Users\\נעמי פינדרוס\\AppData\\Local\\Programs\\Python\\Python37-32\\lib\\site-packages\\matplotlib\\mpl-data\\fonts\\ttf\\DejaVuSans.ttf') with score of 0.050000.
DEBUG:settings:got image from view paths0.png
DEBUG:matplotlib.axes._base:update_title_pos
DEBUG:matplotlib.font_manager:findfont: Matching :family=sans-serif:style=normal:variant=normal:weight=normal:stretch=normal:size=10.0 to DejaVu Sans ('C:\\Users\\נעמי פינדרוס\\AppData\\Local\\Programs\\Python\\Python37-32\\lib\\site-packages\\matplotlib\\mpl-data\\fonts\\ttf\\DejaVuSans.ttf') with score of 0.050000.
DEBUG:settings:got image from view paths0.png
DEBUG:matplotlib.axes._base:update_title_pos
DEBUG:settings:got image from view paths0.png
DEBUG:matplotlib.axes._base:update_title_pos
DEBUG:matplotlib.font_manager:findfont: Matching :family=sans-serif:style=normal:variant=normal:weight=normal:stretch=normal:size=10.0 to DejaVu Sans ('C:\\Users\\נעמי פינדרוס\\AppData\\Local\\Programs\\Python\\Python37-32\\lib\\site-packages\\matplotlib\\mpl-data\\fonts\\ttf\\DejaVuSans.ttf') with score of 0.050000.
DEBUG:settings:NOOOOO got image from view paths0.png
DEBUG:settings:got image from view paths0.png
DEBUG:matplotlib.axes._base:update_title_pos
DEBUG:matplotlib.font_manager:findfont: Matching :family=sans-serif:style=normal:variant=normal:weight=normal:stretch=normal:size=10.0 to DejaVu Sans ('C:\\Users\\נעמי פינדרוס\\AppData\\Local\\Programs\\Python\\Python37-32\\lib\\site-packages\\matplotlib\\mpl-data\\fonts\\ttf\\DejaVuSans.ttf') with score of 0.050000.
DEBUG:settings:in get got image from view 
DEBUG:settings:NOOOOO got image from view paths0.png
DEBUG:settings:got image from view paths0.png
DEBUG:matplotlib.axes._base:update_title_pos
DEBUG:matplotlib.font_manager:findfont: Matching :family=sans-serif:style=normal:variant=normal:weight=normal:stretch=normal:size=10.0 to DejaVu Sans ('C:\\Users\\נעמי פינדרוס\\AppData\\Local\\Programs\\Python\\Python37-32\\lib\\site-packages\\matplotlib\\mpl-data\\fonts\\ttf\\DejaVuSans.ttf') with score of 0.050000.
DEBUG:settings:in get got image from view 
DEBUG:settings:NOOOOO got image from view paths0.png
DEBUG:settings:got image from view paths0.png
DEBUG:matplotlib.axes._base:update_title_pos
DEBUG:matplotlib.font_manager:findfont: Matching :family=sans-serif:style=normal:variant=normal:weight=normal:stretch=normal:size=10.0 to DejaVu Sans ('C:\\Users\\נעמי פינדרוס\\AppData\\Local\\Programs\\Python\\Python37-32\\lib\\site-packages\\matplotlib\\mpl-data\\fonts\\ttf\\DejaVuSans.ttf') with score of 0.050000.
DEBUG:settings:in get got image from view 
DEBUG:settings:NOOOOO got image from view paths0.png
DEBUG:settings:got image from view paths0.png
DEBUG:matplotlib.axes._base:update_title_pos
DEBUG:matplotlib.font_manager:findfont: Matching :family=sans-serif:style=normal:variant=normal:weight=normal:stretch=normal:size=10.0 to DejaVu Sans ('C:\\Users\\נעמי פינדרוס\\AppData\\Local\\Programs\\Python\\Python37-32\\lib\\site-packages\\matplotlib\\mpl-data\\fonts\\ttf\\DejaVuSans.ttf') with score of 0.050000.
DEBUG:settings:in get got image from view 
DEBUG:settings:NOOOOO got image from view paths0.png
DEBUG:settings:got image from view paths0.png
DEBUG:matplotlib.axes._base:update_title_pos
DEBUG:matplotlib.font_manager:findfont: Matching :family=sans-serif:style=normal:variant=normal:weight=normal:stretch=normal:size=10.0 to DejaVu Sans ('C:\\Users\\נעמי פינדרוס\\AppData\\Local\\Programs\\Python\\Python37-32\\lib\\site-packages\\matplotlib\\mpl-data\\fonts\\ttf\\DejaVuSans.ttf') with score of 0.050000.
DEBUG:settings:in get got image from view 
DEBUG:settings:NOOOOO got image from view paths0.png
DEBUG:settings:got image from view paths0.png
DEBUG:matplotlib.axes._base:update_title_pos
DEBUG:matplotlib.font_manager:findfont: Matching :family=sans-serif:style=normal:variant=normal:weight=normal:stretch=normal:size=10.0 to DejaVu Sans ('C:\\Users\\נעמי פינדרוס\\AppData\\Local\\Programs\\Python\\Python37-32\\lib\\site-packages\\matplotlib\\mpl-data\\fonts\\ttf\\DejaVuSans.ttf') with score of 0.050000.
DEBUG:settings:in get got image from view 
DEBUG:settings:NOOOOO got image from view paths0.png
DEBUG:settings:got image from view paths0.png
DEBUG:matplotlib.axes._base:update_title_pos
DEBUG:matplotlib.font_manager:findfont: Matching :family=sans-serif:style=normal:variant=normal:weight=normal:stretch=normal:size=10.0 to DejaVu Sans ('C:\\Users\\נעמי פינדרוס\\AppData\\Local\\Programs\\Python\\Python37-32\\lib\\site-packages\\matplotlib\\mpl-data\\fonts\\ttf\\DejaVuSans.ttf') with score of 0.050000.
DEBUG:settings:in get got image from view paths0.png
DEBUG:settings:NOOOOO got image from view paths0.png
DEBUG:settings:got image from view paths0.png
DEBUG:matplotlib.axes._base:update_title_pos
DEBUG:matplotlib.font_manager:findfont: Matching :family=sans-serif:style=normal:variant=normal:weight=normal:stretch=normal:size=10.0 to DejaVu Sans ('C:\\Users\\נעמי פינדרוס\\AppData\\Local\\Programs\\Python\\Python37-32\\lib\\site-packages\\matplotlib\\mpl-data\\fonts\\ttf\\DejaVuSans.ttf') with score of 0.050000.
DEBUG:settings:NOOOOO got image from view paths0.png
DEBUG:settings:got image from view paths0.png
DEBUG:matplotlib.axes._base:update_title_pos
DEBUG:matplotlib.font_manager:findfont: Matching :family=sans-serif:style=normal:variant=normal:weight=normal:stretch=normal:size=10.0 to DejaVu Sans ('C:\\Users\\נעמי פינדרוס\\AppData\\Local\\Programs\\Python\\Python37-32\\lib\\site-packages\\matplotlib\\mpl-data\\fonts\\ttf\\DejaVuSans.ttf') with score of 0.050000.
DEBUG:settings:in get got image from view 
DEBUG:settings:NOOOOO got image from view paths0.png
DEBUG:settings:got image from view paths0.png
DEBUG:matplotlib.axes._base:update_title_pos
DEBUG:matplotlib.font_manager:findfont: Matching :family=sans-serif:style=normal:variant=normal:weight=normal:stretch=normal:size=10.0 to DejaVu Sans ('C:\\Users\\נעמי פינדרוס\\AppData\\Local\\Programs\\Python\\Python37-32\\lib\\site-packages\\matplotlib\\mpl-data\\fonts\\ttf\\DejaVuSans.ttf') with score of 0.050000.
DEBUG:settings:in get got image from view 
DEBUG:settings:NOOOOO got image from view paths0.png
DEBUG:settings:got image from view paths0.png
DEBUG:matplotlib.axes._base:update_title_pos
DEBUG:matplotlib.font_manager:findfont: Matching :family=sans-serif:style=normal:variant=normal:weight=normal:stretch=normal:size=10.0 to DejaVu Sans ('C:\\Users\\נעמי פינדרוס\\AppData\\Local\\Programs\\Python\\Python37-32\\lib\\site-packages\\matplotlib\\mpl-data\\fonts\\ttf\\DejaVuSans.ttf') with score of 0.050000.
DEBUG:settings:in get got image from view 
DEBUG:settings:NOOOOO got image from view paths0.png
DEBUG:settings:got image from view paths0.png
DEBUG:matplotlib.axes._base:update_title_pos
DEBUG:matplotlib.font_manager:findfont: Matching :family=sans-serif:style=normal:variant=normal:weight=normal:stretch=normal:size=10.0 to DejaVu Sans ('C:\\Users\\נעמי פינדרוס\\AppData\\Local\\Programs\\Python\\Python37-32\\lib\\site-packages\\matplotlib\\mpl-data\\fonts\\ttf\\DejaVuSans.ttf') with score of 0.050000.
DEBUG:settings:NOOOOO got image from view None
DEBUG:settings:NOOOOO got image from view None
DEBUG:settings:got image from view data/paths0.png
DEBUG:settings:NOOOOO got image from view paths0.png
DEBUG:settings:got image from view paths0.png
DEBUG:matplotlib.axes._base:update_title_pos
DEBUG:matplotlib.font_manager:findfont: Matching :family=sans-serif:style=normal:variant=normal:weight=normal:stretch=normal:size=10.0 to DejaVu Sans ('C:\\Users\\נעמי פינדרוס\\AppData\\Local\\Programs\\Python\\Python37-32\\lib\\site-packages\\matplotlib\\mpl-data\\fonts\\ttf\\DejaVuSans.ttf') with score of 0.050000.
DEBUG:matplotlib.axes._base:update_title_pos
DEBUG:matplotlib.axes._base:update_title_pos
DEBUG:settings:NOOOOO got image from view None
DEBUG:settings:NOOOOO got image from view None
DEBUG:settings:got image from view paths0.png
DEBUG:matplotlib.axes._base:update_title_pos
DEBUG:matplotlib.font_manager:findfont: Matching :family=sans-serif:style=normal:variant=normal:weight=normal:stretch=normal:size=10.0 to DejaVu Sans ('C:\\Users\\נעמי פינדרוס\\AppData\\Local\\Programs\\Python\\Python37-32\\lib\\site-packages\\matplotlib\\mpl-data\\fonts\\ttf\\DejaVuSans.ttf') with score of 0.050000.
DEBUG:matplotlib.axes._base:update_title_pos
DEBUG:matplotlib.axes._base:update_title_pos
DEBUG:settings:NOOOOO got image from view None
DEBUG:settings:NOOOOO got image from view None
DEBUG:settings:got image from view paths0.png
DEBUG:matplotlib.axes._base:update_title_pos
DEBUG:matplotlib.font_manager:findfont: Matching :family=sans-serif:style=normal:variant=normal:weight=normal:stretch=normal:size=10.0 to DejaVu Sans ('C:\\Users\\נעמי פינדרוס\\AppData\\Local\\Programs\\Python\\Python37-32\\lib\\site-packages\\matplotlib\\mpl-data\\fonts\\ttf\\DejaVuSans.ttf') with score of 0.050000.
DEBUG:matplotlib.axes._base:update_title_pos
DEBUG:matplotlib.axes._base:update_title_pos
DEBUG:settings:got file from view None
DEBUG:settings:NOOOOO got file from view None
DEBUG:settings:got file from view data/oddetect.pkl.xz
DEBUG:settings:got file from view data/oddetect.pkl.xz
DEBUG:settings:got filters defaultdict(None, {'area': [100, 100, 100, 100], 'hour': None, 'date': None, 'block': None})
DEBUG:settings:got file from view None
DEBUG:settings:NOOOOO got file from view None
DEBUG:settings:got file from view data/oddetect.csv
DEBUG:settings:got file from view data/oddetect.csv
DEBUG:settings:got file from view None
DEBUG:settings:NOOOOO got file from view None
DEBUG:settings:got file from view data/oddetect.pkl.xz
DEBUG:settings:NOOOOO got image from view None
DEBUG:settings:NOOOOO got image from view None
DEBUG:settings:got image from view paths0.png
DEBUG:matplotlib.axes._base:update_title_pos
DEBUG:matplotlib.font_manager:findfont: Matching :family=sans-serif:style=normal:variant=normal:weight=normal:stretch=normal:size=10.0 to DejaVu Sans ('C:\\Users\\נעמי פינדרוס\\AppData\\Local\\Programs\\Python\\Python37-32\\lib\\site-packages\\matplotlib\\mpl-data\\fonts\\ttf\\DejaVuSans.ttf') with score of 0.050000.
DEBUG:matplotlib.axes._base:update_title_pos
DEBUG:matplotlib.axes._base:update_title_pos
DEBUG:settings:got filters defaultdict(None, {'area': [100, 100, 100, 100], 'hour': None, 'date': None, 'block': None})
DEBUG:settings:NOOOOO got image from view None
DEBUG:settings:NOOOOO got image from view None
DEBUG:settings:got image from view paths0.png
DEBUG:matplotlib.axes._base:update_title_pos
DEBUG:matplotlib.font_manager:findfont: Matching :family=sans-serif:style=normal:variant=normal:weight=normal:stretch=normal:size=10.0 to DejaVu Sans ('C:\\Users\\נעמי פינדרוס\\AppData\\Local\\Programs\\Python\\Python37-32\\lib\\site-packages\\matplotlib\\mpl-data\\fonts\\ttf\\DejaVuSans.ttf') with score of 0.050000.
DEBUG:matplotlib.axes._base:update_title_pos
DEBUG:matplotlib.axes._base:update_title_pos
DEBUG:settings:got file from view None
DEBUG:settings:NOOOOO got file from view None
DEBUG:settings:got file from view data/oddetect.pkl.xz
DEBUG:settings:got filters defaultdict(None, {'area': [100, 100, 100, 100], 'hour': None, 'date': None, 'block': None})
DEBUG:settings:NOOOOO got image from view None
DEBUG:settings:NOOOOO got image from view None
DEBUG:settings:got image from view paths0.png
DEBUG:matplotlib.axes._base:update_title_pos
DEBUG:matplotlib.font_manager:findfont: Matching :family=sans-serif:style=normal:variant=normal:weight=normal:stretch=normal:size=10.0 to DejaVu Sans ('C:\\Users\\נעמי פינדרוס\\AppData\\Local\\Programs\\Python\\Python37-32\\lib\\site-packages\\matplotlib\\mpl-data\\fonts\\ttf\\DejaVuSans.ttf') with score of 0.050000.
DEBUG:matplotlib.axes._base:update_title_pos
DEBUG:matplotlib.axes._base:update_title_pos
DEBUG:settings:got file from view None
DEBUG:settings:NOOOOO got file from view None
DEBUG:settings:got file from view data/oddetect.pkl.xz
DEBUG:settings:got filters defaultdict(None, {'area': [100, 100, 100, 100], 'hour': None, 'date': None, 'block': None})
DEBUG:settings:got file from view None
DEBUG:settings:NOOOOO got file from view None
DEBUG:settings:got file from view data/oddetect.pkl.xz
DEBUG:settings:NOOOOO got image from view None
DEBUG:settings:NOOOOO got image from view None
DEBUG:settings:got image from view paths0.png
DEBUG:matplotlib.axes._base:update_title_pos
DEBUG:matplotlib.font_manager:findfont: Matching :family=sans-serif:style=normal:variant=normal:weight=normal:stretch=normal:size=10.0 to DejaVu Sans ('C:\\Users\\נעמי פינדרוס\\AppData\\Local\\Programs\\Python\\Python37-32\\lib\\site-packages\\matplotlib\\mpl-data\\fonts\\ttf\\DejaVuSans.ttf') with score of 0.050000.
DEBUG:matplotlib.axes._base:update_title_pos
DEBUG:matplotlib.axes._base:update_title_pos
DEBUG:settings:got filters defaultdict(None, {'area': [100, 100, 100, 100], 'hour': None, 'date': None, 'block': None})
DEBUG:settings:NOOOOO got image from view None
DEBUG:settings:NOOOOO got image from view None
DEBUG:settings:got image from view paths0.png
DEBUG:matplotlib.axes._base:update_title_pos
DEBUG:matplotlib.font_manager:findfont: Matching :family=sans-serif:style=normal:variant=normal:weight=normal:stretch=normal:size=10.0 to DejaVu Sans ('C:\\Users\\נעמי פינדרוס\\AppData\\Local\\Programs\\Python\\Python37-32\\lib\\site-packages\\matplotlib\\mpl-data\\fonts\\ttf\\DejaVuSans.ttf') with score of 0.050000.
DEBUG:matplotlib.axes._base:update_title_pos
DEBUG:matplotlib.axes._base:update_title_pos
DEBUG:settings:got file from view None
DEBUG:settings:NOOOOO got file from view None
DEBUG:settings:got file from view data/oddetect.pkl.xz
DEBUG:settings:got filters defaultdict(None, {'area': [100, 100, 100, 100], 'hour': None, 'date': None, 'block': None})
DEBUG:settings:plotting 32 routes
DEBUG:settings:l=32,lim=30,max_lim=3000
DEBUG:settings:got file from view None
DEBUG:settings:NOOOOO got file from view None
DEBUG:settings:got file from view data/oddetect.pkl.xz
DEBUG:settings:NOOOOO got image from view None
DEBUG:settings:NOOOOO got image from view None
DEBUG:settings:got image from view paths0.png
DEBUG:matplotlib.axes._base:update_title_pos
DEBUG:matplotlib.font_manager:findfont: Matching :family=sans-serif:style=normal:variant=normal:weight=normal:stretch=normal:size=10.0 to DejaVu Sans ('C:\\Users\\נעמי פינדרוס\\AppData\\Local\\Programs\\Python\\Python37-32\\lib\\site-packages\\matplotlib\\mpl-data\\fonts\\ttf\\DejaVuSans.ttf') with score of 0.050000.
DEBUG:matplotlib.axes._base:update_title_pos
DEBUG:matplotlib.axes._base:update_title_pos
DEBUG:settings:got filters defaultdict(None, {'area': [100, 100, 100, 100], 'hour': None, 'date': None, 'block': None})
DEBUG:settings:plotting 32 routes
DEBUG:settings:l=32,lim=30,max_lim=3000
DEBUG:settings:got file from view None
DEBUG:settings:NOOOOO got file from view None
DEBUG:settings:got file from view data/oddetect.pkl.xz
DEBUG:settings:NOOOOO got image from view None
DEBUG:settings:NOOOOO got image from view None
DEBUG:settings:got image from view paths0.png
DEBUG:matplotlib.axes._base:update_title_pos
DEBUG:matplotlib.font_manager:findfont: Matching :family=sans-serif:style=normal:variant=normal:weight=normal:stretch=normal:size=10.0 to DejaVu Sans ('C:\\Users\\נעמי פינדרוס\\AppData\\Local\\Programs\\Python\\Python37-32\\lib\\site-packages\\matplotlib\\mpl-data\\fonts\\ttf\\DejaVuSans.ttf') with score of 0.050000.
DEBUG:matplotlib.axes._base:update_title_pos
DEBUG:matplotlib.axes._base:update_title_pos
DEBUG:settings:got filters defaultdict(None, {'area': [100, 100, 100, 100], 'hour': None, 'date': None, 'block': None})
DEBUG:settings:plotting 32 routes
DEBUG:settings:l=32,lim=30,max_lim=3000
DEBUG:matplotlib.axes._base:update_title_pos
DEBUG:settings:got filters defaultdict(None, {'area': [100, 200, 100, 1200], 'hour': None, 'date': None, 'block': None})
DEBUG:settings:plotting 2920 routes
DEBUG:settings:l=2920,lim=30,max_lim=3000
DEBUG:matplotlib.axes._base:update_title_pos
DEBUG:settings:got file from view None
DEBUG:settings:NOOOOO got file from view None
DEBUG:settings:got file from view data/oddetect.pkl.xz
DEBUG:settings:NOOOOO got image from view None
DEBUG:settings:NOOOOO got image from view None
DEBUG:settings:got image from view paths0.png
DEBUG:matplotlib.axes._base:update_title_pos
DEBUG:matplotlib.font_manager:findfont: Matching :family=sans-serif:style=normal:variant=normal:weight=normal:stretch=normal:size=10.0 to DejaVu Sans ('C:\\Users\\נעמי פינדרוס\\AppData\\Local\\Programs\\Python\\Python37-32\\lib\\site-packages\\matplotlib\\mpl-data\\fonts\\ttf\\DejaVuSans.ttf') with score of 0.050000.
DEBUG:matplotlib.axes._base:update_title_pos
DEBUG:matplotlib.axes._base:update_title_pos
DEBUG:settings:NOOOOO got image from view None
DEBUG:settings:NOOOOO got image from view None
DEBUG:settings:got image from view paths0.png
DEBUG:matplotlib.axes._base:update_title_pos
DEBUG:matplotlib.font_manager:findfont: Matching :family=sans-serif:style=normal:variant=normal:weight=normal:stretch=normal:size=10.0 to DejaVu Sans ('C:\\Users\\נעמי פינדרוס\\AppData\\Local\\Programs\\Python\\Python37-32\\lib\\site-packages\\matplotlib\\mpl-data\\fonts\\ttf\\DejaVuSans.ttf') with score of 0.050000.
DEBUG:matplotlib.axes._base:update_title_pos
DEBUG:matplotlib.axes._base:update_title_pos
DEBUG:settings:got file from view None
DEBUG:settings:NOOOOO got file from view None
DEBUG:settings:got file from view data/oddetect.pkl.xz
DEBUG:settings:got filters defaultdict(None, {})
DEBUG:settings:got file from view None
DEBUG:settings:NOOOOO got file from view None
DEBUG:settings:got file from view data/oddetect.pkl.xz
DEBUG:settings:NOOOOO got image from view None
DEBUG:settings:NOOOOO got image from view None
DEBUG:settings:got image from view paths0.png
DEBUG:matplotlib.axes._base:update_title_pos
DEBUG:matplotlib.font_manager:findfont: Matching :family=sans-serif:style=normal:variant=normal:weight=normal:stretch=normal:size=10.0 to DejaVu Sans ('C:\\Users\\נעמי פינדרוס\\AppData\\Local\\Programs\\Python\\Python37-32\\lib\\site-packages\\matplotlib\\mpl-data\\fonts\\ttf\\DejaVuSans.ttf') with score of 0.050000.
DEBUG:matplotlib.axes._base:update_title_pos
DEBUG:matplotlib.axes._base:update_title_pos
DEBUG:settings:got filters defaultdict(None, {})
DEBUG:settings:got file from view None
DEBUG:settings:NOOOOO got file from view None
DEBUG:settings:got file from view data/oddetect.pkl.xz
DEBUG:settings:NOOOOO got image from view None
DEBUG:settings:NOOOOO got image from view None
DEBUG:settings:got image from view paths0.png
DEBUG:matplotlib.axes._base:update_title_pos
DEBUG:matplotlib.font_manager:findfont: Matching :family=sans-serif:style=normal:variant=normal:weight=normal:stretch=normal:size=10.0 to DejaVu Sans ('C:\\Users\\נעמי פינדרוס\\AppData\\Local\\Programs\\Python\\Python37-32\\lib\\site-packages\\matplotlib\\mpl-data\\fonts\\ttf\\DejaVuSans.ttf') with score of 0.050000.
DEBUG:matplotlib.axes._base:update_title_pos
DEBUG:matplotlib.axes._base:update_title_pos
DEBUG:settings:got filters defaultdict(None, {})
DEBUG:settings:NOOOOO got image from view None
DEBUG:settings:NOOOOO got image from view None
DEBUG:settings:got image from view paths0.png
DEBUG:matplotlib.axes._base:update_title_pos
DEBUG:matplotlib.font_manager:findfont: Matching :family=sans-serif:style=normal:variant=normal:weight=normal:stretch=normal:size=10.0 to DejaVu Sans ('C:\\Users\\נעמי פינדרוס\\AppData\\Local\\Programs\\Python\\Python37-32\\lib\\site-packages\\matplotlib\\mpl-data\\fonts\\ttf\\DejaVuSans.ttf') with score of 0.050000.
DEBUG:matplotlib.axes._base:update_title_pos
DEBUG:matplotlib.axes._base:update_title_pos
DEBUG:settings:got file from view None
DEBUG:settings:NOOOOO got file from view None
DEBUG:settings:got file from view data/oddetect.pkl.xz
DEBUG:settings:got filters defaultdict(None, {})
DEBUG:settings:NOOOOO got image from view None
DEBUG:settings:NOOOOO got image from view None
DEBUG:settings:got image from view paths0.png
DEBUG:matplotlib.axes._base:update_title_pos
DEBUG:matplotlib.font_manager:findfont: Matching :family=sans-serif:style=normal:variant=normal:weight=normal:stretch=normal:size=10.0 to DejaVu Sans ('C:\\Users\\נעמי פינדרוס\\AppData\\Local\\Programs\\Python\\Python37-32\\lib\\site-packages\\matplotlib\\mpl-data\\fonts\\ttf\\DejaVuSans.ttf') with score of 0.050000.
DEBUG:matplotlib.axes._base:update_title_pos
DEBUG:matplotlib.axes._base:update_title_pos
DEBUG:settings:got file from view None
DEBUG:settings:NOOOOO got file from view None
DEBUG:settings:got file from view data/oddetect.pkl.xz
DEBUG:settings:got filters defaultdict(None, {})
DEBUG:settings:NOOOOO got image from view None
DEBUG:settings:NOOOOO got image from view None
DEBUG:settings:got image from view paths0.png
DEBUG:matplotlib.axes._base:update_title_pos
DEBUG:matplotlib.font_manager:findfont: Matching :family=sans-serif:style=normal:variant=normal:weight=normal:stretch=normal:size=10.0 to DejaVu Sans ('C:\\Users\\נעמי פינדרוס\\AppData\\Local\\Programs\\Python\\Python37-32\\lib\\site-packages\\matplotlib\\mpl-data\\fonts\\ttf\\DejaVuSans.ttf') with score of 0.050000.
DEBUG:matplotlib.axes._base:update_title_pos
DEBUG:matplotlib.axes._base:update_title_pos
DEBUG:settings:got file from view None
DEBUG:settings:NOOOOO got file from view None
DEBUG:settings:got file from view data/oddetect.pkl.xz
DEBUG:settings:got filters defaultdict(None, {})
DEBUG:settings:plotting 22709 routes
DEBUG:settings:l=22709,lim=30,max_lim=3000
DEBUG:settings:entering plot_all_routes with 22709 routes
DEBUG:settings:NOOOOO got image from view None
DEBUG:settings:NOOOOO got image from view None
DEBUG:settings:got image from view paths0.png
DEBUG:matplotlib.axes._base:update_title_pos
DEBUG:matplotlib.font_manager:findfont: Matching :family=sans-serif:style=normal:variant=normal:weight=normal:stretch=normal:size=10.0 to DejaVu Sans ('C:\\Users\\נעמי פינדרוס\\AppData\\Local\\Programs\\Python\\Python37-32\\lib\\site-packages\\matplotlib\\mpl-data\\fonts\\ttf\\DejaVuSans.ttf') with score of 0.050000.
DEBUG:matplotlib.axes._base:update_title_pos
DEBUG:matplotlib.axes._base:update_title_pos
DEBUG:settings:got file from view None
DEBUG:settings:NOOOOO got file from view None
DEBUG:settings:got file from view data/oddetect.pkl.xz
DEBUG:settings:got filters defaultdict(None, {})
DEBUG:settings:got filters defaultdict(None, {})
DEBUG:settings:plotting 10788 routes
DEBUG:settings:l=10788,lim=30,max_lim=3000
DEBUG:settings:entering plot_all_routes with 10788 routes
DEBUG:matplotlib.axes._base:update_title_pos
DEBUG:settings:got filters defaultdict(None, {})
DEBUG:settings:NOOOOO got image from view None
DEBUG:settings:NOOOOO got image from view None
DEBUG:settings:got image from view paths0.png
DEBUG:matplotlib.axes._base:update_title_pos
DEBUG:matplotlib.font_manager:findfont: Matching :family=sans-serif:style=normal:variant=normal:weight=normal:stretch=normal:size=10.0 to DejaVu Sans ('C:\\Users\\נעמי פינדרוס\\AppData\\Local\\Programs\\Python\\Python37-32\\lib\\site-packages\\matplotlib\\mpl-data\\fonts\\ttf\\DejaVuSans.ttf') with score of 0.050000.
DEBUG:matplotlib.axes._base:update_title_pos
DEBUG:matplotlib.axes._base:update_title_pos
DEBUG:settings:got file from view None
DEBUG:settings:NOOOOO got file from view None
DEBUG:settings:got file from view data/oddetect.pkl.xz
DEBUG:settings:got filters defaultdict(None, {})
DEBUG:settings:got file from view None
DEBUG:settings:NOOOOO got file from view None
DEBUG:settings:got file from view data/oddetect.pkl.xz
DEBUG:settings:NOOOOO got image from view None
DEBUG:settings:NOOOOO got image from view None
DEBUG:settings:got image from view paths0.png
DEBUG:matplotlib.axes._base:update_title_pos
DEBUG:matplotlib.font_manager:findfont: Matching :family=sans-serif:style=normal:variant=normal:weight=normal:stretch=normal:size=10.0 to DejaVu Sans ('C:\\Users\\נעמי פינדרוס\\AppData\\Local\\Programs\\Python\\Python37-32\\lib\\site-packages\\matplotlib\\mpl-data\\fonts\\ttf\\DejaVuSans.ttf') with score of 0.050000.
DEBUG:matplotlib.axes._base:update_title_pos
DEBUG:matplotlib.axes._base:update_title_pos
DEBUG:settings:got filters defaultdict(None, {})
DEBUG:settings:NOOOOO got image from view None
DEBUG:settings:NOOOOO got image from view None
DEBUG:settings:got image from view paths0.png
DEBUG:matplotlib.axes._base:update_title_pos
DEBUG:matplotlib.font_manager:findfont: Matching :family=sans-serif:style=normal:variant=normal:weight=normal:stretch=normal:size=10.0 to DejaVu Sans ('C:\\Users\\נעמי פינדרוס\\AppData\\Local\\Programs\\Python\\Python37-32\\lib\\site-packages\\matplotlib\\mpl-data\\fonts\\ttf\\DejaVuSans.ttf') with score of 0.050000.
DEBUG:matplotlib.axes._base:update_title_pos
DEBUG:matplotlib.axes._base:update_title_pos
DEBUG:settings:got file from view None
DEBUG:settings:NOOOOO got file from view None
DEBUG:settings:got file from view data/oddetect.pkl.xz
DEBUG:settings:got filters defaultdict(None, {})
DEBUG:settings:plotting 30 routes
DEBUG:settings:l=30,lim=30,max_lim=3000
DEBUG:settings:entering plot_all_routes with 30 routes
DEBUG:matplotlib.axes._base:update_title_pos
DEBUG:settings:got filters defaultdict(None, {})
DEBUG:settings:plotting 0 routes
DEBUG:settings:l=0,lim=30,max_lim=3000
DEBUG:settings:entering plot_all_routes with 0 routes
DEBUG:matplotlib.axes._base:update_title_pos
